<?xml version="1.0" encoding="UTF-8"?>
<!-- Generated by org.testng.reporters.JUnitReportReporter -->
<testsuite hostname="zhaolu-PC" name="iqidaoTest.testCase.TestCase" tests="2" failures="0" timestamp="28 Nov 2017 09:29:57 GMT" time="29.230" errors="0">
  <testcase name="buyActivity" time="16.556" classname="iqidaoTest.testCase.TestCase"/>
  <testcase name="testLogin" time="12.674" classname="iqidaoTest.testCase.TestCase"/>
</testsuite> <!-- iqidaoTest.testCase.TestCase -->
