<?xml version="1.0" encoding="UTF-8"?>
<!-- Generated by org.testng.reporters.JUnitReportReporter -->
<testsuite hostname="zhaolu-PC" name="iqidaoTest.Utils.CsvData" tests="2" failures="0" timestamp="10 Nov 2017 06:53:23 GMT" time="0.025" errors="0">
  <testcase name="test" time="0.023" classname="iqidaoTest.Utils.CsvData"/>
  <testcase name="test" time="0.002" classname="iqidaoTest.Utils.CsvData"/>
</testsuite> <!-- iqidaoTest.Utils.CsvData -->
