<?xml version="1.0" encoding="UTF-8"?>
<!-- Generated by org.testng.reporters.JUnitReportReporter -->
<testsuite hostname="zhaolu-PC" name="iqidaoTest.testCase.NgTest" tests="3" failures="0" timestamp="19 Oct 2017 05:27:28 GMT" time="37.862" errors="0">
  <testcase name="createActivity" time="17.411" classname="iqidaoTest.testCase.NgTest"/>
  <testcase name="createSeasonAndCourse" time="12.212" classname="iqidaoTest.testCase.NgTest"/>
  <testcase name="adminLogin" time="8.239" classname="iqidaoTest.testCase.NgTest"/>
</testsuite> <!-- iqidaoTest.testCase.NgTest -->
