<?xml version="1.0" encoding="UTF-8"?>
<!-- Generated by org.testng.reporters.JUnitReportReporter -->
<testsuite hostname="zhaolu-PC" name="iqidaoTest.testCase.AAA1Open" tests="1" failures="0" timestamp="7 Nov 2018 10:29:47 GMT" time="30.232" errors="0">
  <testcase name="adminLogin" time="30.232" classname="iqidaoTest.testCase.AAA1Open"/>
</testsuite> <!-- iqidaoTest.testCase.AAA1Open -->
