<?xml version="1.0" encoding="UTF-8"?>
<!-- Generated by org.testng.reporters.JUnitReportReporter -->
<testsuite hostname="zhaolu-PC" name="iqidaoTest.testCase.ActivityTC" tests="2" failures="0" timestamp="15 Nov 2018 08:47:56 GMT" time="62.500" errors="0">
  <testcase name="createSeasonAndCourse" time="49.563" classname="iqidaoTest.testCase.ActivityTC"/>
  <testcase name="createActivity" time="12.937" classname="iqidaoTest.testCase.ActivityTC"/>
</testsuite> <!-- iqidaoTest.testCase.ActivityTC -->
