<?xml version="1.0" encoding="UTF-8"?>
<!-- Generated by org.testng.reporters.JUnitReportReporter -->
<testsuite hostname="zhaolu-PC" name="iqidaoTest.testCase.CouserPaperQuizTC" tests="3" failures="3" timestamp="7 Nov 2018 10:29:47 GMT" time="0.008" errors="0">
  <testcase name="ExercisesAfter" time="0.000" classname="iqidaoTest.testCase.CouserPaperQuizTC"/>
  <testcase name="TeatPaper" time="0.000" classname="iqidaoTest.testCase.CouserPaperQuizTC"/>
  <testcase name="PreparePaper" time="0.008" classname="iqidaoTest.testCase.CouserPaperQuizTC"/>
</testsuite> <!-- iqidaoTest.testCase.CouserPaperQuizTC -->
