<?xml version="1.0" encoding="UTF-8"?>
<!-- Generated by org.testng.reporters.JUnitReportReporter -->
<testsuite hostname="zhaolu-PC" name="iqidaoTest.testCase.ActivityUserTC" tests="2" failures="2" timestamp="7 Nov 2018 10:29:46 GMT" time="0.001" errors="0">
  <testcase name="deleteActivityUser" time="0.001" classname="iqidaoTest.testCase.ActivityUserTC"/>
  <testcase name="addActivityUser" time="0.000" classname="iqidaoTest.testCase.ActivityUserTC"/>
</testsuite> <!-- iqidaoTest.testCase.ActivityUserTC -->
