<?xml version="1.0" encoding="UTF-8"?>
<!-- Generated by org.testng.reporters.JUnitReportReporter -->
<testsuite hostname="zhaolu-PC" name="iqidaoTest.testCase.ExchangeClassTC" tests="1" failures="1" timestamp="7 Nov 2018 10:29:47 GMT" time="0.001" errors="0">
  <testcase name="ExClass" time="0.001" classname="iqidaoTest.testCase.ExchangeClassTC"/>
</testsuite> <!-- iqidaoTest.testCase.ExchangeClassTC -->
