<?xml version="1.0" encoding="UTF-8"?>
<!-- Generated by org.testng.reporters.JUnitReportReporter -->
<testsuite hostname="zhaolu-PC" name="iqidaoTest.testCase.SignupComboTC" tests="2" failures="2" timestamp="7 Nov 2018 10:29:47 GMT" time="0.000" errors="0">
  <testcase name="EditCombo" time="0.000" classname="iqidaoTest.testCase.SignupComboTC"/>
  <testcase name="CreateCombo" time="0.000" classname="iqidaoTest.testCase.SignupComboTC"/>
</testsuite> <!-- iqidaoTest.testCase.SignupComboTC -->
